<?xml version="1.0" encoding="UTF-8"?>
<testng-results ignored="0" total="5" passed="5" failed="0" skipped="0">
  <reporter-output>
  </reporter-output>
  <suite started-at="2023-03-03T17:04:14 IST" name="Suite" finished-at="2023-03-03T17:04:32 IST" duration-ms="17283">
    <groups>
    </groups>
    <test started-at="2023-03-03T17:04:14 IST" name="Chrome Test" finished-at="2023-03-03T17:04:32 IST" duration-ms="17283">
      <class name="testPackBarclays.BarclayTestNG">
        <test-method is-config="true" signature="beforeClass()[pri:0, instance:testPackBarclays.BarclayTestNG@58d75e99]" started-at="2023-03-03T17:04:14 IST" name="beforeClass" finished-at="2023-03-03T17:04:19 IST" duration-ms="4763" status="PASS">
          <reporter-output>
          </reporter-output>
        </test-method> <!-- beforeClass -->
        <test-method is-config="true" signature="beforeMethod()[pri:0, instance:testPackBarclays.BarclayTestNG@58d75e99]" started-at="2023-03-03T17:04:19 IST" name="beforeMethod" finished-at="2023-03-03T17:04:19 IST" duration-ms="0" status="PASS">
          <reporter-output>
          </reporter-output>
        </test-method> <!-- beforeMethod -->
        <test-method signature="Test1()[pri:0, instance:testPackBarclays.BarclayTestNG@58d75e99]" started-at="2023-03-03T17:04:19 IST" name="Test1" finished-at="2023-03-03T17:04:19 IST" duration-ms="225" status="PASS">
          <reporter-output>
          </reporter-output>
        </test-method> <!-- Test1 -->
        <test-method is-config="true" signature="afterMethod()[pri:0, instance:testPackBarclays.BarclayTestNG@58d75e99]" started-at="2023-03-03T17:04:19 IST" name="afterMethod" finished-at="2023-03-03T17:04:19 IST" duration-ms="0" status="PASS">
          <reporter-output>
          </reporter-output>
        </test-method> <!-- afterMethod -->
        <test-method is-config="true" signature="beforeMethod()[pri:0, instance:testPackBarclays.BarclayTestNG@58d75e99]" started-at="2023-03-03T17:04:19 IST" name="beforeMethod" finished-at="2023-03-03T17:04:19 IST" duration-ms="0" status="PASS">
          <reporter-output>
          </reporter-output>
        </test-method> <!-- beforeMethod -->
        <test-method signature="Test2()[pri:0, instance:testPackBarclays.BarclayTestNG@58d75e99]" started-at="2023-03-03T17:04:19 IST" name="Test2" finished-at="2023-03-03T17:04:25 IST" duration-ms="6098" status="PASS">
          <reporter-output>
          </reporter-output>
        </test-method> <!-- Test2 -->
        <test-method is-config="true" signature="afterMethod()[pri:0, instance:testPackBarclays.BarclayTestNG@58d75e99]" started-at="2023-03-03T17:04:25 IST" name="afterMethod" finished-at="2023-03-03T17:04:25 IST" duration-ms="1" status="PASS">
          <reporter-output>
          </reporter-output>
        </test-method> <!-- afterMethod -->
        <test-method is-config="true" signature="beforeMethod()[pri:0, instance:testPackBarclays.BarclayTestNG@58d75e99]" started-at="2023-03-03T17:04:25 IST" name="beforeMethod" finished-at="2023-03-03T17:04:25 IST" duration-ms="0" status="PASS">
          <reporter-output>
          </reporter-output>
        </test-method> <!-- beforeMethod -->
        <test-method signature="Test3()[pri:0, instance:testPackBarclays.BarclayTestNG@58d75e99]" started-at="2023-03-03T17:04:25 IST" name="Test3" finished-at="2023-03-03T17:04:31 IST" duration-ms="6080" status="PASS">
          <reporter-output>
          </reporter-output>
        </test-method> <!-- Test3 -->
        <test-method is-config="true" signature="afterMethod()[pri:0, instance:testPackBarclays.BarclayTestNG@58d75e99]" started-at="2023-03-03T17:04:31 IST" name="afterMethod" finished-at="2023-03-03T17:04:31 IST" duration-ms="5" status="PASS">
          <reporter-output>
          </reporter-output>
        </test-method> <!-- afterMethod -->
        <test-method is-config="true" signature="beforeMethod()[pri:0, instance:testPackBarclays.BarclayTestNG@58d75e99]" started-at="2023-03-03T17:04:31 IST" name="beforeMethod" finished-at="2023-03-03T17:04:31 IST" duration-ms="1" status="PASS">
          <reporter-output>
          </reporter-output>
        </test-method> <!-- beforeMethod -->
        <test-method signature="Test4()[pri:0, instance:testPackBarclays.BarclayTestNG@58d75e99]" started-at="2023-03-03T17:04:31 IST" name="Test4" finished-at="2023-03-03T17:04:31 IST" duration-ms="22" status="PASS">
          <reporter-output>
          </reporter-output>
        </test-method> <!-- Test4 -->
        <test-method is-config="true" signature="afterMethod()[pri:0, instance:testPackBarclays.BarclayTestNG@58d75e99]" started-at="2023-03-03T17:04:31 IST" name="afterMethod" finished-at="2023-03-03T17:04:31 IST" duration-ms="2" status="PASS">
          <reporter-output>
          </reporter-output>
        </test-method> <!-- afterMethod -->
        <test-method signature="Test5()[pri:0, instance:testPackBarclays.BarclayTestNG@58d75e99]" started-at="2023-03-03T17:04:31 IST" name="Test5" finished-at="2023-03-03T17:04:32 IST" duration-ms="34" status="PASS">
          <reporter-output>
          </reporter-output>
        </test-method> <!-- Test5 -->
        <test-method is-config="true" signature="beforeMethod()[pri:0, instance:testPackBarclays.BarclayTestNG@58d75e99]" started-at="2023-03-03T17:04:31 IST" name="beforeMethod" finished-at="2023-03-03T17:04:31 IST" duration-ms="0" status="PASS">
          <reporter-output>
          </reporter-output>
        </test-method> <!-- beforeMethod -->
        <test-method is-config="true" signature="afterMethod()[pri:0, instance:testPackBarclays.BarclayTestNG@58d75e99]" started-at="2023-03-03T17:04:32 IST" name="afterMethod" finished-at="2023-03-03T17:04:32 IST" duration-ms="2" status="PASS">
          <reporter-output>
          </reporter-output>
        </test-method> <!-- afterMethod -->
        <test-method is-config="true" signature="afterClass()[pri:0, instance:testPackBarclays.BarclayTestNG@58d75e99]" started-at="2023-03-03T17:04:32 IST" name="afterClass" finished-at="2023-03-03T17:04:32 IST" duration-ms="1" status="PASS">
          <reporter-output>
          </reporter-output>
        </test-method> <!-- afterClass -->
      </class> <!-- testPackBarclays.BarclayTestNG -->
    </test> <!-- Chrome Test -->
  </suite> <!-- Suite -->
</testng-results>
