<?xml version="1.0" encoding="UTF-8"?>
<!-- Generated by org.testng.reporters.JUnitXMLReporter -->
<testsuite ignored="0" hostname="Flynn" failures="0" tests="5" name="Chrome Test" time="17.283" errors="0" timestamp="2023-03-03T17:04:32 IST">
  <testcase classname="testPackBarclays.BarclayTestNG" name="Test1" time="0.225"/>
  <testcase classname="testPackBarclays.BarclayTestNG" name="Test2" time="6.098"/>
  <testcase classname="testPackBarclays.BarclayTestNG" name="Test3" time="6.08"/>
  <testcase classname="testPackBarclays.BarclayTestNG" name="Test4" time="0.022"/>
  <testcase classname="testPackBarclays.BarclayTestNG" name="Test5" time="0.034"/>
</testsuite> <!-- Chrome Test -->
