<?xml version="1.0" encoding="UTF-8"?>
<!-- Generated by org.testng.reporters.JUnitXMLReporter -->
<testsuite ignored="0" hostname="Flynn" failures="0" tests="5" name="Chrome Test" time="24.138" errors="0" timestamp="2023-04-21T18:56:54 IST">
  <testcase classname="testPackBarclays.BarclayTestNG" name="Test1" time="0.227"/>
  <testcase classname="testPackBarclays.BarclayTestNG" name="Test2" time="9.835"/>
  <testcase classname="testPackBarclays.BarclayTestNG" name="Test3" time="9.828"/>
  <testcase classname="testPackBarclays.BarclayTestNG" name="Test4" time="0.052"/>
  <testcase classname="testPackBarclays.BarclayTestNG" name="Test5" time="0.034"/>
</testsuite> <!-- Chrome Test -->
